""2021-05-15 23:06:51" - INFO - [mqtt_connector.py] - mqtt_connector - 158 - Number of accepted mapping handlers: 2"
""2021-05-15 23:06:51" - INFO - [mqtt_connector.py] - mqtt_connector - 162 - Number of rejected mapping handlers: 0"
""2021-05-15 23:06:51" - INFO - [mqtt_connector.py] - mqtt_connector - 158 - Number of accepted serverSideRpc handlers: 2"
""2021-05-15 23:06:51" - INFO - [mqtt_connector.py] - mqtt_connector - 162 - Number of rejected serverSideRpc handlers: 0"
""2021-05-15 23:06:51" - INFO - [mqtt_connector.py] - mqtt_connector - 158 - Number of accepted connectRequests handlers: 2"
""2021-05-15 23:06:51" - INFO - [mqtt_connector.py] - mqtt_connector - 162 - Number of rejected connectRequests handlers: 0"
""2021-05-15 23:06:51" - INFO - [mqtt_connector.py] - mqtt_connector - 158 - Number of accepted disconnectRequests handlers: 2"
""2021-05-15 23:06:51" - INFO - [mqtt_connector.py] - mqtt_connector - 162 - Number of rejected disconnectRequests handlers: 0"
""2021-05-15 23:06:51" - ERROR - [mqtt_connector.py] - mqtt_connector - 135 - 'attributeRequests' section missing from configuration"
""2021-05-15 23:06:51" - INFO - [mqtt_connector.py] - mqtt_connector - 158 - Number of accepted attributeUpdates handlers: 1"
""2021-05-15 23:06:51" - INFO - [mqtt_connector.py] - mqtt_connector - 162 - Number of rejected attributeUpdates handlers: 0"
""2021-05-15 23:06:51" - ERROR - [mqtt_connector.py] - mqtt_connector - 198 - [Errno 61] Connection refused"
""2021-05-15 23:07:01" - INFO - [mqtt_connector.py] - mqtt_connector - 208 - MQTT Broker Connector has been stopped."
""2021-05-15 23:08:04" - INFO - [mqtt_connector.py] - mqtt_connector - 158 - Number of accepted mapping handlers: 2"
""2021-05-15 23:08:04" - INFO - [mqtt_connector.py] - mqtt_connector - 162 - Number of rejected mapping handlers: 0"
""2021-05-15 23:08:04" - INFO - [mqtt_connector.py] - mqtt_connector - 158 - Number of accepted serverSideRpc handlers: 2"
""2021-05-15 23:08:04" - INFO - [mqtt_connector.py] - mqtt_connector - 162 - Number of rejected serverSideRpc handlers: 0"
""2021-05-15 23:08:04" - INFO - [mqtt_connector.py] - mqtt_connector - 158 - Number of accepted connectRequests handlers: 2"
""2021-05-15 23:08:04" - INFO - [mqtt_connector.py] - mqtt_connector - 162 - Number of rejected connectRequests handlers: 0"
""2021-05-15 23:08:04" - INFO - [mqtt_connector.py] - mqtt_connector - 158 - Number of accepted disconnectRequests handlers: 2"
""2021-05-15 23:08:04" - INFO - [mqtt_connector.py] - mqtt_connector - 162 - Number of rejected disconnectRequests handlers: 0"
""2021-05-15 23:08:04" - ERROR - [mqtt_connector.py] - mqtt_connector - 135 - 'attributeRequests' section missing from configuration"
""2021-05-15 23:08:04" - INFO - [mqtt_connector.py] - mqtt_connector - 158 - Number of accepted attributeUpdates handlers: 1"
""2021-05-15 23:08:04" - INFO - [mqtt_connector.py] - mqtt_connector - 162 - Number of rejected attributeUpdates handlers: 0"
""2021-05-15 23:08:04" - INFO - [mqtt_connector.py] - mqtt_connector - 232 - MQTT Broker Connector connected to localhost:1893 - successfully."
""2021-05-15 23:08:04" - INFO - [mqtt_connector.py] - mqtt_connector - 274 - Connector "MQTT Broker Connector" subscribe to /sensor/data"
""2021-05-15 23:08:04" - INFO - [mqtt_connector.py] - mqtt_connector - 274 - Connector "MQTT Broker Connector" subscribe to /sensor/+/data"
""2021-05-15 23:08:04" - INFO - [mqtt_connector.py] - mqtt_connector - 322 - "MQTT Broker Connector" subscription success to topic /sensor/data, subscription message id = 1"
""2021-05-15 23:08:04" - INFO - [mqtt_connector.py] - mqtt_connector - 322 - "MQTT Broker Connector" subscription success to topic /sensor/+/data, subscription message id = 2"
""2021-05-15 23:08:04" - INFO - [mqtt_connector.py] - mqtt_connector - 322 - "MQTT Broker Connector" subscription success to topic sensor/connect, subscription message id = 3"
""2021-05-15 23:08:04" - INFO - [mqtt_connector.py] - mqtt_connector - 322 - "MQTT Broker Connector" subscription success to topic sensor/+/connect, subscription message id = 4"
""2021-05-15 23:08:04" - INFO - [mqtt_connector.py] - mqtt_connector - 322 - "MQTT Broker Connector" subscription success to topic sensor/disconnect, subscription message id = 5"
""2021-05-15 23:08:04" - INFO - [mqtt_connector.py] - mqtt_connector - 322 - "MQTT Broker Connector" subscription success to topic sensor/+/disconnect, subscription message id = 6"
""2021-05-15 23:08:53" - INFO - [mqtt_connector.py] - mqtt_connector - 208 - MQTT Broker Connector has been stopped."
""2021-05-15 23:10:36" - INFO - [mqtt_connector.py] - mqtt_connector - 158 - Number of accepted mapping handlers: 1"
""2021-05-15 23:10:36" - INFO - [mqtt_connector.py] - mqtt_connector - 162 - Number of rejected mapping handlers: 0"
""2021-05-15 23:10:36" - INFO - [mqtt_connector.py] - mqtt_connector - 158 - Number of accepted serverSideRpc handlers: 2"
""2021-05-15 23:10:36" - INFO - [mqtt_connector.py] - mqtt_connector - 162 - Number of rejected serverSideRpc handlers: 0"
""2021-05-15 23:10:36" - INFO - [mqtt_connector.py] - mqtt_connector - 158 - Number of accepted connectRequests handlers: 2"
""2021-05-15 23:10:36" - INFO - [mqtt_connector.py] - mqtt_connector - 162 - Number of rejected connectRequests handlers: 0"
""2021-05-15 23:10:36" - INFO - [mqtt_connector.py] - mqtt_connector - 158 - Number of accepted disconnectRequests handlers: 2"
""2021-05-15 23:10:36" - INFO - [mqtt_connector.py] - mqtt_connector - 162 - Number of rejected disconnectRequests handlers: 0"
""2021-05-15 23:10:36" - ERROR - [mqtt_connector.py] - mqtt_connector - 135 - 'attributeRequests' section missing from configuration"
""2021-05-15 23:10:36" - INFO - [mqtt_connector.py] - mqtt_connector - 158 - Number of accepted attributeUpdates handlers: 1"
""2021-05-15 23:10:36" - INFO - [mqtt_connector.py] - mqtt_connector - 162 - Number of rejected attributeUpdates handlers: 0"
""2021-05-15 23:10:36" - INFO - [mqtt_connector.py] - mqtt_connector - 232 - MQTT Broker Connector connected to localhost:1893 - successfully."
""2021-05-15 23:10:36" - INFO - [mqtt_connector.py] - mqtt_connector - 274 - Connector "MQTT Broker Connector" subscribe to /sensor/data"
""2021-05-15 23:10:36" - INFO - [mqtt_connector.py] - mqtt_connector - 322 - "MQTT Broker Connector" subscription success to topic /sensor/data, subscription message id = 1"
""2021-05-15 23:10:36" - INFO - [mqtt_connector.py] - mqtt_connector - 322 - "MQTT Broker Connector" subscription success to topic sensor/connect, subscription message id = 2"
""2021-05-15 23:10:36" - INFO - [mqtt_connector.py] - mqtt_connector - 322 - "MQTT Broker Connector" subscription success to topic sensor/+/connect, subscription message id = 3"
""2021-05-15 23:10:36" - INFO - [mqtt_connector.py] - mqtt_connector - 322 - "MQTT Broker Connector" subscription success to topic sensor/disconnect, subscription message id = 4"
""2021-05-15 23:10:36" - INFO - [mqtt_connector.py] - mqtt_connector - 322 - "MQTT Broker Connector" subscription success to topic sensor/+/disconnect, subscription message id = 5"
""2021-05-15 23:11:10" - INFO - [mqtt_connector.py] - mqtt_connector - 208 - MQTT Broker Connector has been stopped."
""2021-05-15 23:12:24" - INFO - [mqtt_connector.py] - mqtt_connector - 158 - Number of accepted mapping handlers: 1"
""2021-05-15 23:12:24" - INFO - [mqtt_connector.py] - mqtt_connector - 162 - Number of rejected mapping handlers: 0"
""2021-05-15 23:12:24" - INFO - [mqtt_connector.py] - mqtt_connector - 158 - Number of accepted serverSideRpc handlers: 2"
""2021-05-15 23:12:24" - INFO - [mqtt_connector.py] - mqtt_connector - 162 - Number of rejected serverSideRpc handlers: 0"
""2021-05-15 23:12:24" - INFO - [mqtt_connector.py] - mqtt_connector - 158 - Number of accepted connectRequests handlers: 2"
""2021-05-15 23:12:24" - INFO - [mqtt_connector.py] - mqtt_connector - 162 - Number of rejected connectRequests handlers: 0"
""2021-05-15 23:12:24" - INFO - [mqtt_connector.py] - mqtt_connector - 158 - Number of accepted disconnectRequests handlers: 2"
""2021-05-15 23:12:24" - INFO - [mqtt_connector.py] - mqtt_connector - 162 - Number of rejected disconnectRequests handlers: 0"
""2021-05-15 23:12:24" - ERROR - [mqtt_connector.py] - mqtt_connector - 135 - 'attributeRequests' section missing from configuration"
""2021-05-15 23:12:24" - INFO - [mqtt_connector.py] - mqtt_connector - 158 - Number of accepted attributeUpdates handlers: 1"
""2021-05-15 23:12:24" - INFO - [mqtt_connector.py] - mqtt_connector - 162 - Number of rejected attributeUpdates handlers: 0"
""2021-05-15 23:12:24" - INFO - [mqtt_connector.py] - mqtt_connector - 232 - MQTT Broker Connector connected to localhost:1893 - successfully."
""2021-05-15 23:12:24" - INFO - [mqtt_connector.py] - mqtt_connector - 274 - Connector "MQTT Broker Connector" subscribe to /sensor/data"
""2021-05-15 23:12:24" - INFO - [mqtt_connector.py] - mqtt_connector - 322 - "MQTT Broker Connector" subscription success to topic /sensor/data, subscription message id = 1"
""2021-05-15 23:12:24" - INFO - [mqtt_connector.py] - mqtt_connector - 322 - "MQTT Broker Connector" subscription success to topic sensor/connect, subscription message id = 2"
""2021-05-15 23:12:24" - INFO - [mqtt_connector.py] - mqtt_connector - 322 - "MQTT Broker Connector" subscription success to topic sensor/+/connect, subscription message id = 3"
""2021-05-15 23:12:24" - INFO - [mqtt_connector.py] - mqtt_connector - 322 - "MQTT Broker Connector" subscription success to topic sensor/disconnect, subscription message id = 4"
""2021-05-15 23:12:24" - INFO - [mqtt_connector.py] - mqtt_connector - 322 - "MQTT Broker Connector" subscription success to topic sensor/+/disconnect, subscription message id = 5"
""2021-05-15 23:12:39" - INFO - [mqtt_connector.py] - mqtt_connector - 208 - MQTT Broker Connector has been stopped."
""2021-05-15 23:13:20" - INFO - [mqtt_connector.py] - mqtt_connector - 158 - Number of accepted mapping handlers: 1"
""2021-05-15 23:13:20" - INFO - [mqtt_connector.py] - mqtt_connector - 162 - Number of rejected mapping handlers: 0"
""2021-05-15 23:13:20" - INFO - [mqtt_connector.py] - mqtt_connector - 158 - Number of accepted serverSideRpc handlers: 2"
""2021-05-15 23:13:20" - INFO - [mqtt_connector.py] - mqtt_connector - 162 - Number of rejected serverSideRpc handlers: 0"
""2021-05-15 23:13:20" - INFO - [mqtt_connector.py] - mqtt_connector - 158 - Number of accepted connectRequests handlers: 2"
""2021-05-15 23:13:20" - INFO - [mqtt_connector.py] - mqtt_connector - 162 - Number of rejected connectRequests handlers: 0"
""2021-05-15 23:13:20" - INFO - [mqtt_connector.py] - mqtt_connector - 158 - Number of accepted disconnectRequests handlers: 2"
""2021-05-15 23:13:20" - INFO - [mqtt_connector.py] - mqtt_connector - 162 - Number of rejected disconnectRequests handlers: 0"
""2021-05-15 23:13:20" - ERROR - [mqtt_connector.py] - mqtt_connector - 135 - 'attributeRequests' section missing from configuration"
""2021-05-15 23:13:20" - INFO - [mqtt_connector.py] - mqtt_connector - 158 - Number of accepted attributeUpdates handlers: 1"
""2021-05-15 23:13:20" - INFO - [mqtt_connector.py] - mqtt_connector - 162 - Number of rejected attributeUpdates handlers: 0"
""2021-05-15 23:13:20" - INFO - [mqtt_connector.py] - mqtt_connector - 232 - MQTT Broker Connector connected to localhost:1893 - successfully."
""2021-05-15 23:13:20" - INFO - [mqtt_connector.py] - mqtt_connector - 274 - Connector "MQTT Broker Connector" subscribe to /sensor/data"
""2021-05-15 23:13:20" - INFO - [mqtt_connector.py] - mqtt_connector - 322 - "MQTT Broker Connector" subscription success to topic /sensor/data, subscription message id = 1"
""2021-05-15 23:13:20" - INFO - [mqtt_connector.py] - mqtt_connector - 322 - "MQTT Broker Connector" subscription success to topic sensor/connect, subscription message id = 2"
""2021-05-15 23:13:20" - INFO - [mqtt_connector.py] - mqtt_connector - 322 - "MQTT Broker Connector" subscription success to topic sensor/+/connect, subscription message id = 3"
""2021-05-15 23:13:20" - INFO - [mqtt_connector.py] - mqtt_connector - 322 - "MQTT Broker Connector" subscription success to topic sensor/disconnect, subscription message id = 4"
""2021-05-15 23:13:20" - INFO - [mqtt_connector.py] - mqtt_connector - 322 - "MQTT Broker Connector" subscription success to topic sensor/+/disconnect, subscription message id = 5"
""2021-05-15 23:13:32" - INFO - [mqtt_connector.py] - mqtt_connector - 208 - MQTT Broker Connector has been stopped."
""2021-05-15 23:23:02" - INFO - [mqtt_connector.py] - mqtt_connector - 158 - Number of accepted mapping handlers: 1"
""2021-05-15 23:23:02" - INFO - [mqtt_connector.py] - mqtt_connector - 162 - Number of rejected mapping handlers: 0"
""2021-05-15 23:23:02" - INFO - [mqtt_connector.py] - mqtt_connector - 158 - Number of accepted serverSideRpc handlers: 1"
""2021-05-15 23:23:02" - INFO - [mqtt_connector.py] - mqtt_connector - 162 - Number of rejected serverSideRpc handlers: 0"
""2021-05-15 23:23:02" - INFO - [mqtt_connector.py] - mqtt_connector - 158 - Number of accepted connectRequests handlers: 2"
""2021-05-15 23:23:02" - INFO - [mqtt_connector.py] - mqtt_connector - 162 - Number of rejected connectRequests handlers: 0"
""2021-05-15 23:23:02" - INFO - [mqtt_connector.py] - mqtt_connector - 158 - Number of accepted disconnectRequests handlers: 2"
""2021-05-15 23:23:02" - INFO - [mqtt_connector.py] - mqtt_connector - 162 - Number of rejected disconnectRequests handlers: 0"
""2021-05-15 23:23:02" - ERROR - [mqtt_connector.py] - mqtt_connector - 135 - 'attributeRequests' section missing from configuration"
""2021-05-15 23:23:02" - INFO - [mqtt_connector.py] - mqtt_connector - 158 - Number of accepted attributeUpdates handlers: 1"
""2021-05-15 23:23:02" - INFO - [mqtt_connector.py] - mqtt_connector - 162 - Number of rejected attributeUpdates handlers: 0"
""2021-05-15 23:23:02" - INFO - [mqtt_connector.py] - mqtt_connector - 232 - MQTT Broker Connector connected to localhost:1893 - successfully."
""2021-05-15 23:23:02" - INFO - [mqtt_connector.py] - mqtt_connector - 274 - Connector "MQTT Broker Connector" subscribe to /sensor/data"
""2021-05-15 23:23:02" - INFO - [mqtt_connector.py] - mqtt_connector - 322 - "MQTT Broker Connector" subscription success to topic /sensor/data, subscription message id = 1"
""2021-05-15 23:23:02" - INFO - [mqtt_connector.py] - mqtt_connector - 322 - "MQTT Broker Connector" subscription success to topic sensor/connect, subscription message id = 2"
""2021-05-15 23:23:02" - INFO - [mqtt_connector.py] - mqtt_connector - 322 - "MQTT Broker Connector" subscription success to topic sensor/+/connect, subscription message id = 3"
""2021-05-15 23:23:02" - INFO - [mqtt_connector.py] - mqtt_connector - 322 - "MQTT Broker Connector" subscription success to topic sensor/disconnect, subscription message id = 4"
""2021-05-15 23:23:02" - INFO - [mqtt_connector.py] - mqtt_connector - 322 - "MQTT Broker Connector" subscription success to topic sensor/+/disconnect, subscription message id = 5"
""2021-05-15 23:24:06" - INFO - [mqtt_connector.py] - mqtt_connector - 208 - MQTT Broker Connector has been stopped."
""2021-05-15 23:25:27" - INFO - [mqtt_connector.py] - mqtt_connector - 158 - Number of accepted mapping handlers: 1"
""2021-05-15 23:25:27" - INFO - [mqtt_connector.py] - mqtt_connector - 162 - Number of rejected mapping handlers: 0"
""2021-05-15 23:25:27" - INFO - [mqtt_connector.py] - mqtt_connector - 158 - Number of accepted serverSideRpc handlers: 1"
""2021-05-15 23:25:27" - INFO - [mqtt_connector.py] - mqtt_connector - 162 - Number of rejected serverSideRpc handlers: 0"
""2021-05-15 23:25:27" - INFO - [mqtt_connector.py] - mqtt_connector - 158 - Number of accepted connectRequests handlers: 2"
""2021-05-15 23:25:27" - INFO - [mqtt_connector.py] - mqtt_connector - 162 - Number of rejected connectRequests handlers: 0"
""2021-05-15 23:25:27" - INFO - [mqtt_connector.py] - mqtt_connector - 158 - Number of accepted disconnectRequests handlers: 2"
""2021-05-15 23:25:27" - INFO - [mqtt_connector.py] - mqtt_connector - 162 - Number of rejected disconnectRequests handlers: 0"
""2021-05-15 23:25:27" - ERROR - [mqtt_connector.py] - mqtt_connector - 135 - 'attributeRequests' section missing from configuration"
""2021-05-15 23:25:27" - INFO - [mqtt_connector.py] - mqtt_connector - 158 - Number of accepted attributeUpdates handlers: 1"
""2021-05-15 23:25:27" - INFO - [mqtt_connector.py] - mqtt_connector - 162 - Number of rejected attributeUpdates handlers: 0"
""2021-05-15 23:25:27" - INFO - [mqtt_connector.py] - mqtt_connector - 232 - MQTT Broker Connector connected to localhost:1893 - successfully."
""2021-05-15 23:25:27" - INFO - [mqtt_connector.py] - mqtt_connector - 274 - Connector "MQTT Broker Connector" subscribe to /sensor/data"
""2021-05-15 23:25:27" - INFO - [mqtt_connector.py] - mqtt_connector - 322 - "MQTT Broker Connector" subscription success to topic /sensor/data, subscription message id = 1"
""2021-05-15 23:25:27" - INFO - [mqtt_connector.py] - mqtt_connector - 322 - "MQTT Broker Connector" subscription success to topic sensor/connect, subscription message id = 2"
""2021-05-15 23:25:27" - INFO - [mqtt_connector.py] - mqtt_connector - 322 - "MQTT Broker Connector" subscription success to topic sensor/+/connect, subscription message id = 3"
""2021-05-15 23:25:27" - INFO - [mqtt_connector.py] - mqtt_connector - 322 - "MQTT Broker Connector" subscription success to topic sensor/disconnect, subscription message id = 4"
""2021-05-15 23:25:27" - INFO - [mqtt_connector.py] - mqtt_connector - 322 - "MQTT Broker Connector" subscription success to topic sensor/+/disconnect, subscription message id = 5"
""2021-05-15 23:26:14" - ERROR - [mqtt_connector.py] - mqtt_connector - 573 - payload must be a string, bytearray, int, float or None."
Traceback (most recent call last):
  File "/Users/user/VSCodeProjects/thingsboard_gateway/connectors/mqtt/mqtt_connector.py", line 570, in server_side_rpc_handler
    self._client.publish(topic, data_to_send)
  File "/Users/user/Library/Python/3.8/lib/python/site-packages/paho/mqtt/client.py", line 1263, in publish
    raise TypeError(
TypeError: payload must be a string, bytearray, int, float or None.
""2021-05-15 23:26:47" - INFO - [mqtt_connector.py] - mqtt_connector - 208 - MQTT Broker Connector has been stopped."
""2021-05-15 23:28:09" - INFO - [mqtt_connector.py] - mqtt_connector - 159 - Number of accepted mapping handlers: 1"
""2021-05-15 23:28:09" - INFO - [mqtt_connector.py] - mqtt_connector - 163 - Number of rejected mapping handlers: 0"
""2021-05-15 23:28:09" - INFO - [mqtt_connector.py] - mqtt_connector - 159 - Number of accepted serverSideRpc handlers: 1"
""2021-05-15 23:28:09" - INFO - [mqtt_connector.py] - mqtt_connector - 163 - Number of rejected serverSideRpc handlers: 0"
""2021-05-15 23:28:09" - INFO - [mqtt_connector.py] - mqtt_connector - 159 - Number of accepted connectRequests handlers: 2"
""2021-05-15 23:28:09" - INFO - [mqtt_connector.py] - mqtt_connector - 163 - Number of rejected connectRequests handlers: 0"
""2021-05-15 23:28:09" - INFO - [mqtt_connector.py] - mqtt_connector - 159 - Number of accepted disconnectRequests handlers: 2"
""2021-05-15 23:28:09" - INFO - [mqtt_connector.py] - mqtt_connector - 163 - Number of rejected disconnectRequests handlers: 0"
""2021-05-15 23:28:09" - ERROR - [mqtt_connector.py] - mqtt_connector - 136 - 'attributeRequests' section missing from configuration"
""2021-05-15 23:28:09" - INFO - [mqtt_connector.py] - mqtt_connector - 159 - Number of accepted attributeUpdates handlers: 1"
""2021-05-15 23:28:09" - INFO - [mqtt_connector.py] - mqtt_connector - 163 - Number of rejected attributeUpdates handlers: 0"
""2021-05-15 23:28:09" - INFO - [mqtt_connector.py] - mqtt_connector - 233 - MQTT Broker Connector connected to localhost:1893 - successfully."
""2021-05-15 23:28:09" - INFO - [mqtt_connector.py] - mqtt_connector - 275 - Connector "MQTT Broker Connector" subscribe to /sensor/data"
""2021-05-15 23:28:09" - INFO - [mqtt_connector.py] - mqtt_connector - 323 - "MQTT Broker Connector" subscription success to topic /sensor/data, subscription message id = 1"
""2021-05-15 23:28:09" - INFO - [mqtt_connector.py] - mqtt_connector - 323 - "MQTT Broker Connector" subscription success to topic sensor/connect, subscription message id = 2"
""2021-05-15 23:28:09" - INFO - [mqtt_connector.py] - mqtt_connector - 323 - "MQTT Broker Connector" subscription success to topic sensor/+/connect, subscription message id = 3"
""2021-05-15 23:28:09" - INFO - [mqtt_connector.py] - mqtt_connector - 323 - "MQTT Broker Connector" subscription success to topic sensor/disconnect, subscription message id = 4"
""2021-05-15 23:28:09" - INFO - [mqtt_connector.py] - mqtt_connector - 323 - "MQTT Broker Connector" subscription success to topic sensor/+/disconnect, subscription message id = 5"
""2021-05-15 23:29:04" - INFO - [mqtt_connector.py] - mqtt_connector - 209 - MQTT Broker Connector has been stopped."
